[sujon.softtopit.com/index.html]
[backblue.gif]
[fade.gif]
[index.html]
[sujon.softtopit.com/storage/images/profile/icon/1642067670.png]
[sujon.softtopit.com/frontend/assets/vendor/css/bootstrap.min.css]
[sujon.softtopit.com/frontend/assets/vendor/css/magnific.popup.min.css]
[sujon.softtopit.com/frontend/assets/vendor/css/animate.min.css]
[sujon.softtopit.com/frontend/assets/vendor/css/owl.carousel.min.css]
[sujon.softtopit.com/frontend/assets/vendor/css/owl.carousel.default.min.css]
[sujon.softtopit.com/frontend/assets/fonts/font_awesome/css/all.css]
[sujon.softtopit.com/frontend/assets/fonts/flat_icons/flaticon.css]
[sujon.softtopit.com/frontend/assets/css/style.css]
[sujon.softtopit.com/frontend/assets/css/custome.css]
[cdn.jsdelivr.net/npm/sweetalert2@9.17.2/dist/sweetalert2.min.css]
[code.jquery.com/jquery-3.5.1.min.js]
[cdn.jsdelivr.net/npm/sweetalert2@9.17.2/dist/sweetalert2.min.js]
[sujon.softtopit.com/frontend/assets/css/skins/green-color.css]
[sujon.softtopit.com/storage/images/logo/1642055319.png]
[sujon.softtopit.com/storage/images/logo/1642055526.png]
[sujon.softtopit.com/service.html]
[sujon.softtopit.com/works.html]
[sujon.softtopit.com/teams.html]
[sujon.softtopit.com/galleries.html]
[sujon.softtopit.com/storage/images/slide_image/1642067209.jpg]
[sujon.softtopit.com/storage/images/about_image/1707538009.jpg]
[sujon.softtopit.com/storage/images/profile/cvpdf/Resume Of Sujon Kumer.pdf]
[sujon.softtopit.com/frontend/assets/img/services/services-bg-img-2.jpg]
[sujon.softtopit.com/storage/images/howiwork/demo-how-i-work-img-1.png]
[sujon.softtopit.com/storage/images/howiwork/demo-how-i-work-img-2.png]
[sujon.softtopit.com/storage/images/howiwork/demo-how-i-work-img-3.png]
[sujon.softtopit.com/storage/images/skill_image/1642066928.jpg]
[sujon.softtopit.com/storage/images/portfolio/1642056822.png]
[sujon.softtopit.com/storage/images/portfolio/1642057695.png]
[sujon.softtopit.com/storage/images/portfolio/1649260907.png]
[sujon.softtopit.com/storage/images/portfolio/1649260758.png]
[sujon.softtopit.com/storage/images/portfolio/1681717537.png]
[sujon.softtopit.com/storage/images/portfolio/1689837821.png]
[sujon.softtopit.com/storage/images/portfolio/1695887209.png]
[sujon.softtopit.com/storage/images/portfolio/1689150942.png]
[sujon.softtopit.com/storage/images/portfolio/1684495245.jpg]
[sujon.softtopit.com/storage/images/portfolio/1667934259.png]
[sujon.softtopit.com/storage/images/portfolio/1703846182.png]
[sujon.softtopit.com/storage/images/portfolio/1683698198.png]
[sujon.softtopit.com/storage/images/team/1642060601.jpg]
[sujon.softtopit.com/storage/images/team/1642060180.jpg]
[sujon.softtopit.com/storage/images/team/1642060265.jpg]
[sujon.softtopit.com/storage/images/testimonial/demo-testimonial-img-1.jpg]
[sujon.softtopit.com/storage/images/testimonial/demo-testimonial-img-2.jpg]
[sujon.softtopit.com/storage/images/testimonial/demo-testimonial-img-3.jpg]
[sujon.softtopit.com/storage/images/gallery/1642060733.png]
[sujon.softtopit.com/storage/images/gallery/1667934352.png]
[sujon.softtopit.com/storage/images/gallery/1649261121.png]
[sujon.softtopit.com/storage/images/gallery/1649261075.png]
[sujon.softtopit.com/storage/images/gallery/1695887297.png]
[sujon.softtopit.com/storage/images/gallery/1649261265.png]
[sujon.softtopit.com/videos.html]
[sujon.softtopit.com/storage/images/video/1695887589.png]
[sujon.softtopit.com/storage/images/video/1695887686.png]
[sujon.softtopit.com/storage/images/video/1642061331.png]
[sujon.softtopit.com/blog-details/16-most-common-types-of-customer-needs.html]
[sujon.softtopit.com/storage/images/blog/demo-blog-img-2.jpg]
[sujon.softtopit.com/blog-details/web-design-common-brief.html]
[sujon.softtopit.com/storage/images/blog/demo-blog-img-1.jpg]
[sujon.softtopit.com/blog-details/web-development-common-brief.html]
[sujon.softtopit.com/storage/images/blog/demo-blog-img-3.jpg]
[sujon.softtopit.com/blogs.html]
[sujon.softtopit.com/faqs.html]
[sujon.softtopit.com/login.html]
[sujon.softtopit.com/frontend/assets/vendor/js/jquery.min.js]
[sujon.softtopit.com/frontend/assets/vendor/js/popper.min.js]
[sujon.softtopit.com/frontend/assets/vendor/js/images.loaded.min.js]
[sujon.softtopit.com/frontend/assets/vendor/js/bootstrap.min.js]
[sujon.softtopit.com/frontend/assets/vendor/js/wow.min.js]
[sujon.softtopit.com/frontend/assets/vendor/js/magnific.popup.min.js]
[sujon.softtopit.com/frontend/assets/vendor/js/waypoint.min.js]
[sujon.softtopit.com/frontend/assets/vendor/js/counter.up.min.js]
[sujon.softtopit.com/frontend/assets/vendor/js/jquery.easing.min.js]
[sujon.softtopit.com/frontend/assets/vendor/js/owl.carousel.min.js]
[sujon.softtopit.com/frontend/assets/vendor/js/validate.min.js]
[sujon.softtopit.com/frontend/assets/vendor/js/custom.select.plugin.js]
[sujon.softtopit.com/frontend/assets/vendor/js/scrollit.min.js]
[sujon.softtopit.com/frontend/assets/vendor/js/isotope.min.js]
[sujon.softtopit.com/frontend/assets/vendor/js/particles.js]
[sujon.softtopit.com/frontend/assets/js/main.js]
[sujon.softtopit.com/index.html]
[sujon.softtopit.com/frontend/assets/vendor/css/bootstrap.min.css]
[sujon.softtopit.com/frontend/assets/vendor/css/magnific.popup.min.css]
[sujon.softtopit.com/frontend/assets/vendor/css/animate.min.css]
[sujon.softtopit.com/frontend/assets/vendor/css/owl.video.play.html]
[sujon.softtopit.com/frontend/assets/vendor/css/owl.carousel.min.css]
[sujon.softtopit.com/frontend/assets/vendor/css/owl.carousel.default.min.css]
[sujon.softtopit.com/frontend/assets/fonts/font_awesome/webfonts/fa-brands-400.eot]
[sujon.softtopit.com/frontend/assets/fonts/font_awesome/css/all.css]
[sujon.softtopit.com/frontend/assets/fonts/flat_icons/flaticon.css]
[sujon.softtopit.com/frontend/assets/css/style.css]
[sujon.softtopit.com/frontend/assets/css/custome.css]
[cdn.jsdelivr.net/npm/sweetalert2@9.17.2/dist/sweetalert2.min.css]
[sujon.softtopit.com/frontend/assets/css/skins/green-color.css]
[sujon.softtopit.com/service.html]
[sujon.softtopit.com/works.html]
[sujon.softtopit.com/teams.html]
[sujon.softtopit.com/galleries.html]
[sujon.softtopit.com/videos.html]
[sujon.softtopit.com/blog-details/16-most-common-types-of-customer-needs.html]
[sujon.softtopit.com/blog-details/web-design-common-brief.html]
[sujon.softtopit.com/blog-details/web-development-common-brief.html]
[sujon.softtopit.com/blogs.html]
[sujon.softtopit.com/faqs.html]
[sujon.softtopit.com/backend/assets/plugins/fontawesome-free/css/all.min.css]
[sujon.softtopit.com/backend/assets/plugins/icheck-bootstrap/icheck-bootstrap.min.css]
[sujon.softtopit.com/registration]
[sujon.softtopit.com/backend/assets/plugins/jquery/jquery.min.js]
[sujon.softtopit.com/backend/assets/plugins/bootstrap/js/bootstrap.bundle.min.js]
[sujon.softtopit.com/login.html]
[sujon.softtopit.com/frontend/assets/vendor/css/owl.video.play.html]
[sujon.softtopit.com/backend/assets/dist/js/adminlte.min.js]
[sujon.softtopit.com/frontend/assets/fonts/font_awesome/webfonts/fa-brands-400d41dd41d.eot]
[sujon.softtopit.com/frontend/assets/fonts/font_awesome/webfonts/fa-brands-400.woff2]
[sujon.softtopit.com/frontend/assets/fonts/font_awesome/webfonts/fa-brands-400.woff]
[sujon.softtopit.com/backend/assets/dist/css/adminlte.min.css]
[sujon.softtopit.com/frontend/assets/fonts/font_awesome/webfonts/fa-brands-400.ttf]
[sujon.softtopit.com/frontend/assets/fonts/font_awesome/webfonts/fa-regular-400.eot]
[sujon.softtopit.com/frontend/assets/fonts/font_awesome/webfonts/fa-regular-400.woff2]
[sujon.softtopit.com/frontend/assets/fonts/font_awesome/webfonts/fa-regular-400d41dd41d.eot]
[sujon.softtopit.com/frontend/assets/fonts/font_awesome/webfonts/fa-regular-400.ttf]
[sujon.softtopit.com/frontend/assets/fonts/font_awesome/webfonts/fa-regular-400.woff]
[sujon.softtopit.com/frontend/assets/fonts/font_awesome/webfonts/fa-regular-400.svg]
[sujon.softtopit.com/frontend/assets/fonts/font_awesome/webfonts/fa-solid-900.woff2]
[sujon.softtopit.com/frontend/assets/fonts/font_awesome/webfonts/fa-brands-400.svg]
[sujon.softtopit.com/frontend/assets/fonts/font_awesome/webfonts/fa-solid-900d41dd41d.eot]
[sujon.softtopit.com/frontend/assets/fonts/font_awesome/webfonts/fa-solid-900.eot]
[sujon.softtopit.com/frontend/assets/fonts/font_awesome/webfonts/fa-solid-900.woff]
[sujon.softtopit.com/frontend/assets/fonts/flat_icons/Flaticon.eot]
[sujon.softtopit.com/frontend/assets/fonts/flat_icons/Flaticond41dd41d.eot]
[sujon.softtopit.com/frontend/assets/fonts/flat_icons/Flaticon.woff]
[sujon.softtopit.com/frontend/assets/fonts/font_awesome/webfonts/fa-solid-900.ttf]
[sujon.softtopit.com/frontend/assets/fonts/flat_icons/Flaticon.ttf]
[sujon.softtopit.com/storage/images/portfolio/1707153143.png]
[sujon.softtopit.com/frontend/assets/img/bg/counter-bg.png]
[sujon.softtopit.com/works4658]
[sujon.softtopit.com/storage/images/team/1642060486.jpg]
[sujon.softtopit.com/frontend/assets/fonts/flat_icons/Flaticon.svg]
[sujon.softtopit.com/storage/images/team/1695888681.jpg]
[sujon.softtopit.com/storage/images/gallery/1642060798.png]
[sujon.softtopit.com/storage/images/gallery/1661347465.jpg]
[sujon.softtopit.com/frontend/assets/fonts/font_awesome/webfonts/fa-solid-900.svg]
[sujon.softtopit.com/backend/assets/plugins/fontawesome-free/webfonts/fa-brands-400.eot]
[sujon.softtopit.com/backend/assets/plugins/fontawesome-free/webfonts/fa-brands-400.woff2]
[sujon.softtopit.com/backend/assets/plugins/fontawesome-free/webfonts/fa-brands-400.woff]
[sujon.softtopit.com/backend/assets/plugins/fontawesome-free/webfonts/fa-brands-400d41d.eot]
[sujon.softtopit.com/backend/assets/plugins/fontawesome-free/webfonts/fa-regular-400.eot]
[sujon.softtopit.com/backend/assets/plugins/fontawesome-free/webfonts/fa-brands-400.ttf]
[sujon.softtopit.com/backend/assets/plugins/fontawesome-free/webfonts/fa-regular-400d41d.eot]
[sujon.softtopit.com/backend/assets/plugins/fontawesome-free/webfonts/fa-regular-400.woff2]
[sujon.softtopit.com/backend/assets/plugins/fontawesome-free/webfonts/fa-regular-400.woff]
[sujon.softtopit.com/backend/assets/plugins/fontawesome-free/webfonts/fa-regular-400.ttf]
[sujon.softtopit.com/backend/assets/plugins/fontawesome-free/webfonts/fa-regular-400.svg]
[sujon.softtopit.com/backend/assets/plugins/fontawesome-free/webfonts/fa-solid-900.eot]
[sujon.softtopit.com/backend/assets/plugins/fontawesome-free/webfonts/fa-solid-900.woff2]
[sujon.softtopit.com/backend/assets/plugins/fontawesome-free/webfonts/fa-brands-400.svg]
[sujon.softtopit.com/backend/assets/plugins/fontawesome-free/webfonts/fa-solid-900d41d.eot]
[sujon.softtopit.com/backend/assets/plugins/fontawesome-free/webfonts/fa-solid-900.woff]
[sujon.softtopit.com/backend/assets/plugins/fontawesome-free/webfonts/fa-solid-900.ttf]
[sujon.softtopit.com/backend/assets/plugins/fontawesome-free/css/all.min.css]
[sujon.softtopit.com/backend/assets/plugins/icheck-bootstrap/icheck-bootstrap.min.css]
[sujon.softtopit.com/backend/assets/dist/css/adminlte.min.css]
[sujon.softtopit.com/frontend/assets/fonts/font_awesome/webfonts/fa-brands-400.svg]
[sujon.softtopit.com/frontend/assets/fonts/font_awesome/webfonts/fa-regular-400.svg]
[sujon.softtopit.com/frontend/assets/fonts/font_awesome/webfonts/fa-solid-900.svg]
[sujon.softtopit.com/frontend/assets/fonts/flat_icons/Flaticon.svg]
[sujon.softtopit.com/storage/images/portfolio/1707153143.png]
[sujon.softtopit.com/storage/images/portfolio/1661347195.jpg]
[sujon.softtopit.com/works4658]
[sujon.softtopit.com/backend/assets/plugins/fontawesome-free/webfonts/fa-brands-400.svg]
[sujon.softtopit.com/backend/assets/plugins/fontawesome-free/webfonts/fa-regular-400.svg]
[sujon.softtopit.com/works2679.html]
[sujon.softtopit.com/backend/assets/plugins/fontawesome-free/webfonts/fa-solid-900.svg]
[sujon.softtopit.com/backend/assets/plugins/fontawesome-free/webfonts/fa-solid-900.svg]
[sujon.softtopit.com/works2679.html]
